2023-04-16 14:28:01,290 INFO o.a.j.u.JMeterUtils: Setting Locale to en_EN
2023-04-16 14:28:01,307 INFO o.a.j.JMeter: Loading user properties from: /Users/david/Documents/apache-jmeter-5.5/bin/user.properties
2023-04-16 14:28:01,307 INFO o.a.j.JMeter: Loading system properties from: /Users/david/Documents/apache-jmeter-5.5/bin/system.properties
2023-04-16 14:28:01,312 INFO o.a.j.JMeter: Copyright (c) 1998-2022 The Apache Software Foundation
2023-04-16 14:28:01,312 INFO o.a.j.JMeter: Version 5.5
2023-04-16 14:28:01,312 INFO o.a.j.JMeter: java.version=20
2023-04-16 14:28:01,312 INFO o.a.j.JMeter: java.vm.name=Java HotSpot(TM) 64-Bit Server VM
2023-04-16 14:28:01,312 INFO o.a.j.JMeter: os.name=Mac OS X
2023-04-16 14:28:01,312 INFO o.a.j.JMeter: os.arch=x86_64
2023-04-16 14:28:01,312 INFO o.a.j.JMeter: os.version=13.3.1
2023-04-16 14:28:01,312 INFO o.a.j.JMeter: file.encoding=UTF-8
2023-04-16 14:28:01,312 INFO o.a.j.JMeter: java.awt.headless=true
2023-04-16 14:28:01,313 INFO o.a.j.JMeter: Max memory     =1073741824
2023-04-16 14:28:01,313 INFO o.a.j.JMeter: Available Processors =12
2023-04-16 14:28:01,321 INFO o.a.j.JMeter: Default Locale=English (EN)
2023-04-16 14:28:01,321 INFO o.a.j.JMeter: JMeter  Locale=English (EN)
2023-04-16 14:28:01,321 INFO o.a.j.JMeter: JMeterHome=/Users/david/Documents/apache-jmeter-5.5
2023-04-16 14:28:01,321 INFO o.a.j.JMeter: user.dir  =/Users/david/Documents/GitHub/Nube_Api_Uniandes/scenarios_jmeter
2023-04-16 14:28:01,321 INFO o.a.j.JMeter: PWD       =/Users/david/Documents/GitHub/Nube_Api_Uniandes/scenarios_jmeter
2023-04-16 14:28:01,325 INFO o.a.j.JMeter: IP: 192.168.0.7 Name: CO0C02GL1FNMD6P FullName: 192.168.0.7
2023-04-16 14:28:01,333 INFO o.a.j.JMeter: Setting property 'jmeter.reportgenerator.outputdir' to:'/Users/david/Documents/GitHub/Nube_Api_Uniandes/scenarios_jmeter/./test_results_2'
2023-04-16 14:28:01,335 INFO o.a.j.s.FileServer: Default base='/Users/david/Documents/GitHub/Nube_Api_Uniandes/scenarios_jmeter'
2023-04-16 14:28:01,336 INFO o.a.j.s.FileServer: Set new base='/Users/david/Documents/GitHub/Nube_Api_Uniandes/scenarios_jmeter'
2023-04-16 14:28:01,496 INFO o.a.j.s.SaveService: Testplan (JMX) version: 2.2. Testlog (JTL) version: 2.2
2023-04-16 14:28:01,515 INFO o.a.j.s.SaveService: Using SaveService properties version 5.0
2023-04-16 14:28:01,517 INFO o.a.j.s.SaveService: Using SaveService properties file encoding UTF-8
2023-04-16 14:28:01,520 INFO o.a.j.s.SaveService: Loading file: Escenario 2 - Procesamiento Maximo.jmx
2023-04-16 14:28:01,551 INFO o.a.j.p.h.s.HTTPSamplerBase: Parser for text/html is org.apache.jmeter.protocol.http.parser.LagartoBasedHtmlParser
2023-04-16 14:28:01,551 INFO o.a.j.p.h.s.HTTPSamplerBase: Parser for application/xhtml+xml is org.apache.jmeter.protocol.http.parser.LagartoBasedHtmlParser
2023-04-16 14:28:01,551 INFO o.a.j.p.h.s.HTTPSamplerBase: Parser for application/xml is org.apache.jmeter.protocol.http.parser.LagartoBasedHtmlParser
2023-04-16 14:28:01,551 INFO o.a.j.p.h.s.HTTPSamplerBase: Parser for text/xml is org.apache.jmeter.protocol.http.parser.LagartoBasedHtmlParser
2023-04-16 14:28:01,551 INFO o.a.j.p.h.s.HTTPSamplerBase: Parser for text/vnd.wap.wml is org.apache.jmeter.protocol.http.parser.RegexpHTMLParser
2023-04-16 14:28:01,551 INFO o.a.j.p.h.s.HTTPSamplerBase: Parser for text/css is org.apache.jmeter.protocol.http.parser.CssParser
2023-04-16 14:28:01,788 INFO o.a.j.JMeter: Creating summariser <summary>
2023-04-16 14:28:01,791 INFO o.a.j.r.d.ReportGenerator: ReportGenerator will use for Parsing the separator: ','
2023-04-16 14:28:01,791 INFO o.a.j.r.d.ReportGenerator: Will generate report at end of test from  results file: ./test_results_2/resultados.jtl
2023-04-16 14:28:01,791 INFO o.a.j.r.d.ReportGenerator: Reading report generator properties from: /Users/david/Documents/apache-jmeter-5.5/bin/reportgenerator.properties
2023-04-16 14:28:01,791 INFO o.a.j.r.d.ReportGenerator: Merging with JMeter properties
2023-04-16 14:28:01,795 INFO o.a.j.r.c.ReportGeneratorConfiguration: Property 'jmeter.reportgenerator.temp_dir' not found, using default value 'temp' instead.
2023-04-16 14:28:01,796 INFO o.a.j.r.c.ReportGeneratorConfiguration: Property 'jmeter.reportgenerator.apdex_per_transaction' not found, using default value 'null' instead.
2023-04-16 14:28:01,797 INFO o.a.j.r.c.ReportGeneratorConfiguration: apdex_per_transaction is empty, not APDEX per transaction customization
2023-04-16 14:28:01,797 INFO o.a.j.r.c.ReportGeneratorConfiguration: Property 'jmeter.reportgenerator.sample_filter' not found, using default value 'null' instead.
2023-04-16 14:28:01,797 INFO o.a.j.r.c.ReportGeneratorConfiguration: Property 'jmeter.reportgenerator.report_title' not found, using default value 'null' instead.
2023-04-16 14:28:01,797 INFO o.a.j.r.c.ReportGeneratorConfiguration: Property 'jmeter.reportgenerator.start_date' not found, using default value 'null' instead.
2023-04-16 14:28:01,797 INFO o.a.j.r.c.ReportGeneratorConfiguration: Property 'jmeter.reportgenerator.end_date' not found, using default value 'null' instead.
2023-04-16 14:28:01,797 INFO o.a.j.r.c.ReportGeneratorConfiguration: Property 'jmeter.reportgenerator.date_format' not found, using default value 'null' instead.
2023-04-16 14:28:01,797 INFO o.a.j.r.c.ReportGeneratorConfiguration: Will use date range start date: null, end date: null
2023-04-16 14:28:01,799 INFO o.a.j.r.c.ReportGeneratorConfiguration: Property 'jmeter.reportgenerator.graph.totalTPS.exclude_controllers' not found, using default value 'false' instead.
2023-04-16 14:28:01,800 INFO o.a.j.r.c.ReportGeneratorConfiguration: Property 'jmeter.reportgenerator.graph.activeThreadsOverTime.exclude_controllers' not found, using default value 'false' instead.
2023-04-16 14:28:01,800 INFO o.a.j.r.c.ReportGeneratorConfiguration: Property 'jmeter.reportgenerator.graph.timeVsThreads.exclude_controllers' not found, using default value 'false' instead.
2023-04-16 14:28:01,800 INFO o.a.j.r.c.ReportGeneratorConfiguration: Property 'jmeter.reportgenerator.graph.responseTimeDistribution.exclude_controllers' not found, using default value 'false' instead.
2023-04-16 14:28:01,800 INFO o.a.j.r.c.ReportGeneratorConfiguration: Property 'jmeter.reportgenerator.graph.transactionsPerSecond.exclude_controllers' not found, using default value 'false' instead.
2023-04-16 14:28:01,800 INFO o.a.j.r.c.ReportGeneratorConfiguration: Property 'jmeter.reportgenerator.graph.responseTimePercentiles.exclude_controllers' not found, using default value 'false' instead.
2023-04-16 14:28:01,800 INFO o.a.j.r.c.ReportGeneratorConfiguration: Property 'jmeter.reportgenerator.graph.responseTimePercentilesOverTime.exclude_controllers' not found, using default value 'false' instead.
2023-04-16 14:28:01,800 INFO o.a.j.r.c.ReportGeneratorConfiguration: Property 'jmeter.reportgenerator.graph.responseTimesOverTime.exclude_controllers' not found, using default value 'false' instead.
2023-04-16 14:28:01,800 INFO o.a.j.r.c.ReportGeneratorConfiguration: Property 'jmeter.reportgenerator.graph.connectTimeOverTime.exclude_controllers' not found, using default value 'false' instead.
2023-04-16 14:28:01,800 INFO o.a.j.r.c.ReportGeneratorConfiguration: Property 'jmeter.reportgenerator.graph.latenciesOverTime.exclude_controllers' not found, using default value 'false' instead.
2023-04-16 14:28:01,801 INFO o.a.j.r.c.ReportGeneratorConfiguration: Property 'jmeter.reportgenerator.exporter.json.filters_only_sample_series' not found, using default value 'true' instead.
2023-04-16 14:28:01,801 INFO o.a.j.r.c.ReportGeneratorConfiguration: Property 'jmeter.reportgenerator.exporter.json.series_filter' not found, using default value '' instead.
2023-04-16 14:28:01,801 INFO o.a.j.r.c.ReportGeneratorConfiguration: Property 'jmeter.reportgenerator.exporter.json.show_controllers_only' not found, using default value 'false' instead.
2023-04-16 14:28:01,801 INFO o.a.j.r.c.ReportGeneratorConfiguration: Property 'jmeter.reportgenerator.exporter.html.filters_only_sample_series' not found, using default value 'true' instead.
2023-04-16 14:28:01,801 INFO o.a.j.r.c.ReportGeneratorConfiguration: Property 'jmeter.reportgenerator.exporter.html.series_filter' not found, using default value '' instead.
2023-04-16 14:28:01,801 INFO o.a.j.r.c.ReportGeneratorConfiguration: Property 'jmeter.reportgenerator.exporter.html.show_controllers_only' not found, using default value 'false' instead.
2023-04-16 14:28:01,811 INFO o.a.j.e.StandardJMeterEngine: Running the test!
2023-04-16 14:28:01,811 INFO o.a.j.s.SampleEvent: List of sample_variables: []
2023-04-16 14:28:01,811 INFO o.a.j.s.SampleEvent: List of sample_variables: []
2023-04-16 14:28:01,815 INFO o.a.j.e.u.CompoundVariable: Note: Function class names must contain the string: '.functions.'
2023-04-16 14:28:01,815 INFO o.a.j.e.u.CompoundVariable: Note: Function class names must not contain the string: '.gui.'
2023-04-16 14:28:01,863 INFO o.a.j.r.ResultCollector: Folder at /Users/david/Documents/GitHub/Nube_Api_Uniandes/scenarios_jmeter/test_results_2 was created
2023-04-16 14:28:01,874 INFO o.a.j.JMeter: Running test (1681673281874)
2023-04-16 14:28:01,901 INFO o.a.j.e.StandardJMeterEngine: Starting ThreadGroup: 1 : Signup
2023-04-16 14:28:01,901 INFO o.a.j.e.StandardJMeterEngine: Starting 1 threads for group Signup.
2023-04-16 14:28:01,901 INFO o.a.j.e.StandardJMeterEngine: Test will stop on error
2023-04-16 14:28:01,901 INFO o.a.j.t.ThreadGroup: Starting thread group... number=1 threads=1 ramp-up=1 delayedStart=false
2023-04-16 14:28:01,905 INFO o.a.j.t.ThreadGroup: Started thread group number 1
2023-04-16 14:28:01,905 INFO o.a.j.e.StandardJMeterEngine: Waiting for thread group: Signup to finish before starting next group
2023-04-16 14:28:01,907 INFO o.a.j.t.JMeterThread: Thread started: Signup 1-1
2023-04-16 14:28:01,926 INFO o.a.j.p.h.s.HTTPHCAbstractImpl: Local host = CO0C02GL1FNMD6P
2023-04-16 14:28:01,932 INFO o.a.j.p.h.s.HTTPHC4Impl: HTTP request retry count = 0
2023-04-16 14:28:01,933 INFO o.a.j.s.SampleResult: Note: Sample TimeStamps are START times
2023-04-16 14:28:01,933 INFO o.a.j.s.SampleResult: sampleresult.default.encoding is set to ISO-8859-1
2023-04-16 14:28:01,933 INFO o.a.j.s.SampleResult: sampleresult.useNanoTime=true
2023-04-16 14:28:01,933 INFO o.a.j.s.SampleResult: sampleresult.nanoThreadSleep=5000
2023-04-16 14:28:02,205 INFO o.a.j.r.Summariser: summary +      1 in 00:00:00 =    3.0/s Avg:   211 Min:   211 Max:   211 Err:     0 (0.00%) Active: 1 Started: 1 Finished: 0
2023-04-16 14:28:02,206 INFO o.a.j.t.JMeterThread: Thread is done: Signup 1-1
2023-04-16 14:28:02,206 INFO o.a.j.t.JMeterThread: Thread finished: Signup 1-1
2023-04-16 14:28:02,208 INFO o.a.j.e.StandardJMeterEngine: Starting ThreadGroup: 2 : Login
2023-04-16 14:28:02,208 INFO o.a.j.e.StandardJMeterEngine: Starting 1 threads for group Login.
2023-04-16 14:28:02,208 INFO o.a.j.e.StandardJMeterEngine: Test will stop on error
2023-04-16 14:28:02,208 INFO o.a.j.t.ThreadGroup: Starting thread group... number=2 threads=1 ramp-up=1 delayedStart=false
2023-04-16 14:28:02,211 INFO o.a.j.t.ThreadGroup: Started thread group number 2
2023-04-16 14:28:02,211 INFO o.a.j.e.StandardJMeterEngine: Waiting for thread group: Login to finish before starting next group
2023-04-16 14:28:02,211 INFO o.a.j.t.JMeterThread: Thread started: Login 2-1
2023-04-16 14:28:02,416 INFO o.a.j.t.JMeterThread: Thread is done: Login 2-1
2023-04-16 14:28:02,416 INFO o.a.j.t.JMeterThread: Thread finished: Login 2-1
2023-04-16 14:28:02,417 INFO o.a.j.e.StandardJMeterEngine: Starting ThreadGroup: 3 : Upload de archivo
2023-04-16 14:28:02,417 INFO o.a.j.e.StandardJMeterEngine: Starting 2 threads for group Upload de archivo.
2023-04-16 14:28:02,417 INFO o.a.j.e.StandardJMeterEngine: Thread will continue on error
2023-04-16 14:28:02,417 INFO o.a.j.t.ThreadGroup: Starting thread group... number=3 threads=2 ramp-up=1 delayedStart=false
2023-04-16 14:28:02,418 INFO o.a.j.t.ThreadGroup: Started thread group number 3
2023-04-16 14:28:02,418 INFO o.a.j.t.JMeterThread: Thread started: Upload de archivo 3-1
2023-04-16 14:28:02,418 INFO o.a.j.e.StandardJMeterEngine: All thread groups have been started
2023-04-16 14:28:02,418 INFO o.a.j.p.h.s.HTTPHC4Impl: Content-Header is set already on the request! Will be replaced by a Multipart-Header. Old headers: [Content-type: multipart/form-data]
2023-04-16 14:28:02,421 INFO o.a.j.s.FileServer: Stored: archivo.zip
2023-04-16 14:28:02,922 INFO o.a.j.t.JMeterThread: Thread started: Upload de archivo 3-2
2023-04-16 14:28:02,923 INFO o.a.j.p.h.s.HTTPHC4Impl: Content-Header is set already on the request! Will be replaced by a Multipart-Header. Old headers: [Content-type: multipart/form-data]
2023-04-16 14:28:05,550 INFO o.a.j.p.h.s.HTTPHC4Impl: Content-Header is set already on the request! Will be replaced by a Multipart-Header. Old headers: [Content-type: multipart/form-data]
2023-04-16 14:28:08,281 INFO o.a.j.p.h.s.HTTPHC4Impl: Content-Header is set already on the request! Will be replaced by a Multipart-Header. Old headers: [Content-type: multipart/form-data]
2023-04-16 14:28:13,806 INFO o.a.j.p.h.s.HTTPHC4Impl: Content-Header is set already on the request! Will be replaced by a Multipart-Header. Old headers: [Content-type: multipart/form-data]
2023-04-16 14:28:15,251 INFO o.a.j.p.h.s.HTTPHC4Impl: Content-Header is set already on the request! Will be replaced by a Multipart-Header. Old headers: [Content-type: multipart/form-data]
2023-04-16 14:28:16,282 INFO o.a.j.p.h.s.HTTPHC4Impl: Content-Header is set already on the request! Will be replaced by a Multipart-Header. Old headers: [Content-type: multipart/form-data]
2023-04-16 14:28:16,671 INFO o.a.j.p.h.s.HTTPHC4Impl: Content-Header is set already on the request! Will be replaced by a Multipart-Header. Old headers: [Content-type: multipart/form-data]
2023-04-16 14:28:17,142 INFO o.a.j.p.h.s.HTTPHC4Impl: Content-Header is set already on the request! Will be replaced by a Multipart-Header. Old headers: [Content-type: multipart/form-data]
2023-04-16 14:28:17,527 INFO o.a.j.p.h.s.HTTPHC4Impl: Content-Header is set already on the request! Will be replaced by a Multipart-Header. Old headers: [Content-type: multipart/form-data]
2023-04-16 14:28:17,992 INFO o.a.j.p.h.s.HTTPHC4Impl: Content-Header is set already on the request! Will be replaced by a Multipart-Header. Old headers: [Content-type: multipart/form-data]
2023-04-16 14:28:18,377 INFO o.a.j.p.h.s.HTTPHC4Impl: Content-Header is set already on the request! Will be replaced by a Multipart-Header. Old headers: [Content-type: multipart/form-data]
2023-04-16 14:28:18,843 INFO o.a.j.p.h.s.HTTPHC4Impl: Content-Header is set already on the request! Will be replaced by a Multipart-Header. Old headers: [Content-type: multipart/form-data]
2023-04-16 14:28:19,227 INFO o.a.j.p.h.s.HTTPHC4Impl: Content-Header is set already on the request! Will be replaced by a Multipart-Header. Old headers: [Content-type: multipart/form-data]
2023-04-16 14:28:19,695 INFO o.a.j.p.h.s.HTTPHC4Impl: Content-Header is set already on the request! Will be replaced by a Multipart-Header. Old headers: [Content-type: multipart/form-data]
2023-04-16 14:28:20,078 INFO o.a.j.p.h.s.HTTPHC4Impl: Content-Header is set already on the request! Will be replaced by a Multipart-Header. Old headers: [Content-type: multipart/form-data]
2023-04-16 14:28:20,543 INFO o.a.j.p.h.s.HTTPHC4Impl: Content-Header is set already on the request! Will be replaced by a Multipart-Header. Old headers: [Content-type: multipart/form-data]
2023-04-16 14:28:20,926 INFO o.a.j.p.h.s.HTTPHC4Impl: Content-Header is set already on the request! Will be replaced by a Multipart-Header. Old headers: [Content-type: multipart/form-data]
2023-04-16 14:28:21,397 INFO o.a.j.p.h.s.HTTPHC4Impl: Content-Header is set already on the request! Will be replaced by a Multipart-Header. Old headers: [Content-type: multipart/form-data]
2023-04-16 14:28:21,786 INFO o.a.j.p.h.s.HTTPHC4Impl: Content-Header is set already on the request! Will be replaced by a Multipart-Header. Old headers: [Content-type: multipart/form-data]
2023-04-16 14:28:22,259 INFO o.a.j.p.h.s.HTTPHC4Impl: Content-Header is set already on the request! Will be replaced by a Multipart-Header. Old headers: [Content-type: multipart/form-data]
2023-04-16 14:28:22,644 INFO o.a.j.p.h.s.HTTPHC4Impl: Content-Header is set already on the request! Will be replaced by a Multipart-Header. Old headers: [Content-type: multipart/form-data]
2023-04-16 14:28:23,108 INFO o.a.j.p.h.s.HTTPHC4Impl: Content-Header is set already on the request! Will be replaced by a Multipart-Header. Old headers: [Content-type: multipart/form-data]
2023-04-16 14:28:23,493 INFO o.a.j.p.h.s.HTTPHC4Impl: Content-Header is set already on the request! Will be replaced by a Multipart-Header. Old headers: [Content-type: multipart/form-data]
2023-04-16 14:28:23,963 INFO o.a.j.p.h.s.HTTPHC4Impl: Content-Header is set already on the request! Will be replaced by a Multipart-Header. Old headers: [Content-type: multipart/form-data]
2023-04-16 14:28:24,351 INFO o.a.j.p.h.s.HTTPHC4Impl: Content-Header is set already on the request! Will be replaced by a Multipart-Header. Old headers: [Content-type: multipart/form-data]
2023-04-16 14:28:24,821 INFO o.a.j.p.h.s.HTTPHC4Impl: Content-Header is set already on the request! Will be replaced by a Multipart-Header. Old headers: [Content-type: multipart/form-data]
2023-04-16 14:28:25,214 INFO o.a.j.p.h.s.HTTPHC4Impl: Content-Header is set already on the request! Will be replaced by a Multipart-Header. Old headers: [Content-type: multipart/form-data]
2023-04-16 14:28:25,685 INFO o.a.j.p.h.s.HTTPHC4Impl: Content-Header is set already on the request! Will be replaced by a Multipart-Header. Old headers: [Content-type: multipart/form-data]
2023-04-16 14:28:26,071 INFO o.a.j.p.h.s.HTTPHC4Impl: Content-Header is set already on the request! Will be replaced by a Multipart-Header. Old headers: [Content-type: multipart/form-data]
2023-04-16 14:28:26,536 INFO o.a.j.p.h.s.HTTPHC4Impl: Content-Header is set already on the request! Will be replaced by a Multipart-Header. Old headers: [Content-type: multipart/form-data]
2023-04-16 14:28:26,921 INFO o.a.j.p.h.s.HTTPHC4Impl: Content-Header is set already on the request! Will be replaced by a Multipart-Header. Old headers: [Content-type: multipart/form-data]
2023-04-16 14:28:27,386 INFO o.a.j.p.h.s.HTTPHC4Impl: Content-Header is set already on the request! Will be replaced by a Multipart-Header. Old headers: [Content-type: multipart/form-data]
2023-04-16 14:28:27,770 INFO o.a.j.p.h.s.HTTPHC4Impl: Content-Header is set already on the request! Will be replaced by a Multipart-Header. Old headers: [Content-type: multipart/form-data]
2023-04-16 14:28:28,235 INFO o.a.j.p.h.s.HTTPHC4Impl: Content-Header is set already on the request! Will be replaced by a Multipart-Header. Old headers: [Content-type: multipart/form-data]
2023-04-16 14:28:28,619 INFO o.a.j.p.h.s.HTTPHC4Impl: Content-Header is set already on the request! Will be replaced by a Multipart-Header. Old headers: [Content-type: multipart/form-data]
2023-04-16 14:28:29,090 INFO o.a.j.p.h.s.HTTPHC4Impl: Content-Header is set already on the request! Will be replaced by a Multipart-Header. Old headers: [Content-type: multipart/form-data]
2023-04-16 14:28:29,482 INFO o.a.j.p.h.s.HTTPHC4Impl: Content-Header is set already on the request! Will be replaced by a Multipart-Header. Old headers: [Content-type: multipart/form-data]
2023-04-16 14:28:29,955 INFO o.a.j.p.h.s.HTTPHC4Impl: Content-Header is set already on the request! Will be replaced by a Multipart-Header. Old headers: [Content-type: multipart/form-data]
2023-04-16 14:28:30,339 INFO o.a.j.r.Summariser: summary +     40 in 00:00:28 =    1.4/s Avg:  1377 Min:     1 Max:  8389 Err:    36 (90.00%) Active: 2 Started: 4 Finished: 2
2023-04-16 14:28:30,340 INFO o.a.j.r.Summariser: summary =     41 in 00:00:28 =    1.4/s Avg:  1349 Min:     1 Max:  8389 Err:    36 (87.80%)
2023-04-16 14:28:30,340 INFO o.a.j.p.h.s.HTTPHC4Impl: Content-Header is set already on the request! Will be replaced by a Multipart-Header. Old headers: [Content-type: multipart/form-data]
2023-04-16 14:28:30,818 INFO o.a.j.p.h.s.HTTPHC4Impl: Content-Header is set already on the request! Will be replaced by a Multipart-Header. Old headers: [Content-type: multipart/form-data]
2023-04-16 14:28:31,202 INFO o.a.j.p.h.s.HTTPHC4Impl: Content-Header is set already on the request! Will be replaced by a Multipart-Header. Old headers: [Content-type: multipart/form-data]
2023-04-16 14:28:31,680 INFO o.a.j.p.h.s.HTTPHC4Impl: Content-Header is set already on the request! Will be replaced by a Multipart-Header. Old headers: [Content-type: multipart/form-data]
2023-04-16 14:28:32,065 INFO o.a.j.p.h.s.HTTPHC4Impl: Content-Header is set already on the request! Will be replaced by a Multipart-Header. Old headers: [Content-type: multipart/form-data]
2023-04-16 14:28:32,529 INFO o.a.j.t.JMeterThread: Stopping because end time detected by thread: Upload de archivo 3-1
2023-04-16 14:28:32,530 INFO o.a.j.t.JMeterThread: Thread finished: Upload de archivo 3-1
2023-04-16 14:28:32,886 INFO o.a.j.t.JMeterThread: Stopping because end time detected by thread: Upload de archivo 3-2
2023-04-16 14:28:32,887 INFO o.a.j.t.JMeterThread: Thread finished: Upload de archivo 3-2
2023-04-16 14:28:32,887 INFO o.a.j.e.StandardJMeterEngine: Notifying test listeners of end of test
2023-04-16 14:28:32,888 INFO o.a.j.r.Summariser: summary +      6 in 00:00:03 =    2.4/s Avg:   853 Min:   822 Max:   862 Err:     6 (100.00%) Active: 0 Started: 4 Finished: 4
2023-04-16 14:28:32,888 INFO o.a.j.r.Summariser: summary =     47 in 00:00:31 =    1.5/s Avg:  1286 Min:     1 Max:  8389 Err:    42 (89.36%)
2023-04-16 14:28:32,888 INFO o.a.j.JMeter: Generating Dashboard
2023-04-16 14:28:32,888 INFO o.a.j.r.d.ReportGenerator: Flushing result collector before report Generation
2023-04-16 14:28:32,897 INFO o.a.j.r.p.NormalizerSampleConsumer: Using format, 'ms', to parse timeStamp field
2023-04-16 14:28:32,972 INFO o.a.j.r.p.AbstractSampleConsumer: class org.apache.jmeter.report.processor.AggregateConsumer#stopProducing(): beginDate produced 0 samples
2023-04-16 14:28:32,973 INFO o.a.j.r.p.AbstractSampleConsumer: class org.apache.jmeter.report.processor.AggregateConsumer#stopProducing(): endDate produced 0 samples
2023-04-16 14:28:32,975 INFO o.a.j.r.p.AbstractSampleConsumer: class org.apache.jmeter.report.processor.ApdexSummaryConsumer#stopProducing(): apdexSummary produced 0 samples
2023-04-16 14:28:32,975 INFO o.a.j.r.p.AbstractSampleConsumer: class org.apache.jmeter.report.processor.RequestsSummaryConsumer#stopProducing(): requestsSummary produced 0 samples
2023-04-16 14:28:32,978 INFO o.a.j.r.p.AbstractSampleConsumer: class org.apache.jmeter.report.processor.StatisticsSummaryConsumer#stopProducing(): statisticsSummary produced 0 samples
2023-04-16 14:28:32,980 INFO o.a.j.r.p.AbstractSampleConsumer: class org.apache.jmeter.report.processor.Top5ErrorsBySamplerConsumer#stopProducing(): top5ErrorsBySampler produced 0 samples
2023-04-16 14:28:32,980 INFO o.a.j.r.p.AbstractSampleConsumer: class org.apache.jmeter.report.processor.ErrorsSummaryConsumer#stopProducing(): errorsSummary produced 0 samples
2023-04-16 14:28:32,981 INFO o.a.j.r.p.AbstractSampleConsumer: class org.apache.jmeter.report.processor.graph.impl.HitsPerSecondGraphConsumer#stopProducing(): hitsPerSecond produced 0 samples
2023-04-16 14:28:32,991 INFO o.a.j.r.p.AbstractSampleConsumer: class org.apache.jmeter.report.processor.graph.impl.LatencyVSRequestGraphConsumer#stopProducing(): latencyVsRequest produced 0 samples
2023-04-16 14:28:32,991 INFO o.a.j.r.p.AbstractSampleConsumer: class org.apache.jmeter.report.processor.graph.impl.SyntheticResponseTimeDistributionGraphConsumer#stopProducing(): syntheticResponseTimeDistribution produced 0 samples
2023-04-16 14:28:32,991 INFO o.a.j.r.p.AbstractSampleConsumer: class org.apache.jmeter.report.processor.graph.impl.BytesThroughputGraphConsumer#stopProducing(): bytesThroughputOverTime produced 0 samples
2023-04-16 14:28:32,992 INFO o.a.j.r.p.AbstractSampleConsumer: class org.apache.jmeter.report.processor.graph.impl.CodesPerSecondGraphConsumer#stopProducing(): codesPerSecond produced 0 samples
2023-04-16 14:28:32,996 INFO o.a.j.r.p.AbstractSampleConsumer: class org.apache.jmeter.report.processor.graph.impl.ResponseTimeVSRequestGraphConsumer#stopProducing(): responseTimeVsRequest produced 0 samples
2023-04-16 14:28:32,997 INFO o.a.j.r.p.AbstractSampleConsumer: class org.apache.jmeter.report.processor.FilterConsumer#stopProducing(): startIntervalControlerFilter produced 329 samples
2023-04-16 14:28:32,997 INFO o.a.j.r.p.AbstractSampleConsumer: class org.apache.jmeter.report.processor.graph.impl.TotalTPSGraphConsumer#stopProducing(): totalTPS produced 0 samples
2023-04-16 14:28:32,997 INFO o.a.j.r.p.AbstractSampleConsumer: class org.apache.jmeter.report.processor.graph.impl.ActiveThreadsGraphConsumer#stopProducing(): activeThreadsOverTime produced 0 samples
2023-04-16 14:28:32,997 INFO o.a.j.r.p.AbstractSampleConsumer: class org.apache.jmeter.report.processor.graph.impl.TimeVSThreadGraphConsumer#stopProducing(): timeVsThreads produced 0 samples
2023-04-16 14:28:32,997 INFO o.a.j.r.p.AbstractSampleConsumer: class org.apache.jmeter.report.processor.graph.impl.ResponseTimeDistributionGraphConsumer#stopProducing(): responseTimeDistribution produced 0 samples
2023-04-16 14:28:32,997 INFO o.a.j.r.p.AbstractSampleConsumer: class org.apache.jmeter.report.processor.graph.impl.TransactionsPerSecondGraphConsumer#stopProducing(): transactionsPerSecond produced 0 samples
2023-04-16 14:28:32,998 INFO o.a.j.r.p.AbstractSampleConsumer: class org.apache.jmeter.report.processor.graph.impl.ResponseTimePercentilesGraphConsumer#stopProducing(): responseTimePercentiles produced 0 samples
2023-04-16 14:28:32,998 INFO o.a.j.r.p.AbstractSampleConsumer: class org.apache.jmeter.report.processor.graph.impl.ResponseTimePercentilesOverTimeGraphConsumer#stopProducing(): responseTimePercentilesOverTime produced 0 samples
2023-04-16 14:28:32,999 INFO o.a.j.r.p.AbstractSampleConsumer: class org.apache.jmeter.report.processor.graph.impl.ResponseTimeOverTimeGraphConsumer#stopProducing(): responseTimesOverTime produced 0 samples
2023-04-16 14:28:32,999 INFO o.a.j.r.p.AbstractSampleConsumer: class org.apache.jmeter.report.processor.graph.impl.ConnectTimeOverTimeGraphConsumer#stopProducing(): connectTimeOverTime produced 0 samples
2023-04-16 14:28:32,999 INFO o.a.j.r.p.AbstractSampleConsumer: class org.apache.jmeter.report.processor.graph.impl.LatencyOverTimeGraphConsumer#stopProducing(): latenciesOverTime produced 0 samples
2023-04-16 14:28:32,999 INFO o.a.j.r.p.AbstractSampleConsumer: class org.apache.jmeter.report.processor.FilterConsumer#stopProducing(): nameFilter produced 705 samples
2023-04-16 14:28:32,999 INFO o.a.j.r.p.AbstractSampleConsumer: class org.apache.jmeter.report.processor.FilterConsumer#stopProducing(): dateRangeFilter produced 141 samples
2023-04-16 14:28:32,999 INFO o.a.j.r.p.AbstractSampleConsumer: class org.apache.jmeter.report.processor.NormalizerSampleConsumer#stopProducing(): normalizer produced 47 samples
2023-04-16 14:28:32,999 INFO o.a.j.r.p.CsvFileSampleSource: produce(): 47 samples produced in 80ms on channel 0
2023-04-16 14:28:32,999 INFO o.a.j.r.d.ReportGenerator: Exporting data using exporter:'json' of className:'org.apache.jmeter.report.dashboard.JsonExporter'
2023-04-16 14:28:33,100 INFO o.a.j.r.d.JsonExporter: Found data for consumer statisticsSummary in context
2023-04-16 14:28:33,101 INFO o.a.j.r.d.JsonExporter: Creating statistics for overall
2023-04-16 14:28:33,101 INFO o.a.j.r.d.JsonExporter: Creating statistics for other transactions
2023-04-16 14:28:33,101 INFO o.a.j.r.d.JsonExporter: Checking output folder
2023-04-16 14:28:33,101 INFO o.a.j.r.d.JsonExporter: Writing statistics JSON to /Users/david/Documents/GitHub/Nube_Api_Uniandes/scenarios_jmeter/./test_results_2/statistics.json
2023-04-16 14:28:33,132 INFO o.a.j.r.d.ReportGenerator: Exporting data using exporter:'html' of className:'org.apache.jmeter.report.dashboard.HtmlTemplateExporter'
2023-04-16 14:28:33,134 INFO o.a.j.r.d.HtmlTemplateExporter: Will generate dashboard in folder: /Users/david/Documents/GitHub/Nube_Api_Uniandes/scenarios_jmeter/./test_results_2
2023-04-16 14:28:33,206 INFO o.a.j.r.d.HtmlTemplateExporter: Report will be generated in: /Users/david/Documents/GitHub/Nube_Api_Uniandes/scenarios_jmeter/./test_results_2, creating folder structure
2023-04-16 14:28:33,208 INFO o.a.j.r.d.TemplateVisitor: Copying folder from '/Users/david/Documents/apache-jmeter-5.5/bin/report-template' to '/Users/david/Documents/GitHub/Nube_Api_Uniandes/scenarios_jmeter/./test_results_2', got message: /Users/david/Documents/GitHub/Nube_Api_Uniandes/scenarios_jmeter/./test_results_2, found non empty folder with following content [/Users/david/Documents/GitHub/Nube_Api_Uniandes/scenarios_jmeter/./test_results_2/resultados.jtl, /Users/david/Documents/GitHub/Nube_Api_Uniandes/scenarios_jmeter/./test_results_2/statistics.json], will be ignored
2023-04-16 14:28:33,536 INFO o.a.j.JMeter: Dashboard generated
